<?xml version="1.0" encoding="UTF-8"?>
<coverage generated="1747457630659" clover="3.2.0">
  <project timestamp="1747457630659" name="All files">
    <metrics statements="17" coveredstatements="13" conditionals="4" coveredconditionals="1" methods="3" coveredmethods="1" elements="24" coveredelements="15" complexity="0" loc="17" ncloc="17" packages="2" files="2" classes="2"/>
    <package name="src">
      <metrics statements="12" coveredstatements="9" conditionals="4" coveredconditionals="1" methods="2" coveredmethods="1"/>
      <file name="main.js" path="C:\Users\91912\OneDrive\Desktop\AI projects\DEVOPS\micro-service2\cart-service\src\main.js">
        <metrics statements="12" coveredstatements="9" conditionals="4" coveredconditionals="1" methods="2" coveredmethods="1"/>
        <line num="1" count="1" type="stmt"/>
        <line num="2" count="1" type="stmt"/>
        <line num="4" count="1" type="stmt"/>
        <line num="6" count="1" type="stmt"/>
        <line num="9" count="1" type="stmt"/>
        <line num="12" count="1" type="stmt"/>
        <line num="13" count="1" type="stmt"/>
        <line num="16" count="1" type="cond" truecount="1" falsecount="1"/>
        <line num="17" count="0" type="cond" truecount="0" falsecount="2"/>
        <line num="18" count="0" type="stmt"/>
        <line num="19" count="0" type="stmt"/>
        <line num="23" count="1" type="stmt"/>
      </file>
    </package>
    <package name="src.routes">
      <metrics statements="5" coveredstatements="4" conditionals="0" coveredconditionals="0" methods="1" coveredmethods="0"/>
      <file name="userRoutes.js" path="C:\Users\91912\OneDrive\Desktop\AI projects\DEVOPS\micro-service2\cart-service\src\routes\userRoutes.js">
        <metrics statements="5" coveredstatements="4" conditionals="0" coveredconditionals="0" methods="1" coveredmethods="0"/>
        <line num="1" count="1" type="stmt"/>
        <line num="2" count="1" type="stmt"/>
        <line num="5" count="1" type="stmt"/>
        <line num="6" count="0" type="stmt"/>
        <line num="9" count="1" type="stmt"/>
      </file>
    </package>
  </project>
</coverage>
